<?xml version="1.0" encoding="UTF-8"?>
<!-- Generated by org.testng.reporters.JUnitXMLReporter -->
<testsuite hostname="AYUSH" ignored="0" name="Test" tests="4" failures="0" timestamp="26 May 2021 19:56:24 GMT" time="0.164" errors="0">
  <testcase name="BrowserAUtomation" time="0.021" classname="qaclickacademy.SeleniumTest"/>
  <testcase name="elementsUi" time="0.006" classname="qaclickacademy.SeleniumTest"/>
  <testcase name="deleteTwitter" time="0.003" classname="qaclickacademy.RESTAPITest"/>
  <testcase name="postJira" time="0.002" classname="qaclickacademy.RESTAPITest"/>
</testsuite> <!-- Test -->
