<?xml version="1.0" encoding="UTF-8"?>
<!-- Generated by org.testng.reporters.JUnitXMLReporter -->
<testsuite hostname="AYUSH" ignored="0" name="Test" tests="4" failures="0" timestamp="02 May 2021 20:26:56 GMT" time="0.06" errors="0">
  <testcase name="BrowserAUtomation" time="0.015" classname="qaclickacademy.SeleniumTest"/>
  <testcase name="elementsUi" time="0.0" classname="qaclickacademy.SeleniumTest"/>
  <testcase name="deleteTwitter" time="0.0" classname="qaclickacademy.RESTAPITest"/>
  <testcase name="postJira" time="0.005" classname="qaclickacademy.RESTAPITest"/>
</testsuite> <!-- Test -->
